2023-07-03 13:17:34,925 CRITICAL client_log_config.py Критическая ошибка
2023-07-03 13:17:34,926 ERROR client_log_config.py Ошибка
2023-07-03 13:17:34,926 DEBUG client_log_config.py Отладочная информация
2023-07-03 13:17:34,926 INFO client_log_config.py Информационное сообщение
2023-07-03 14:58:23,457 DEBUG client.py Сформировано presence сообщение для пользователя Guest
2023-07-03 14:58:23,458 DEBUG client.py Рзабор сообщения от сервера: {'response': 200}
2023-07-03 14:58:23,458 INFO client.py Получен ответ от сервера 200 : OK
2023-07-03 15:00:16,087 DEBUG client.py Сформировано presence сообщение для пользователя Guest
2023-07-03 15:00:16,117 DEBUG client.py Рзабор сообщения от сервера: {'response': 200}
2023-07-03 15:00:16,118 INFO client.py Получен ответ от сервера 200 : OK
2023-07-03 15:02:49,574 DEBUG client.py Сформировано presence сообщение для пользователя Guest
2023-07-03 15:02:49,576 DEBUG client.py Рзабор сообщения от сервера: {'response': 200}
2023-07-03 15:02:49,577 INFO client.py Получен ответ от сервера 200 : OK
2023-07-07 11:05:16,151 DEBUG client.py Сформировано presence сообщение для пользователя Guest
2023-07-07 11:05:16,213 DEBUG client.py Была вызвана функция create_presence с параметрами (), {} Вызов из модуля __main__. Вызов из функции main.
2023-07-07 11:05:16,261 DEBUG client.py Рзабор сообщения от сервера: {'response': 200}
2023-07-07 11:05:16,262 DEBUG client.py Была вызвана функция process_ans с параметрами ({'response': 200},), {} Вызов из модуля __main__. Вызов из функции main.
2023-07-07 11:05:16,262 INFO client.py Получен ответ от сервера 200 : OK
2023-07-07 11:07:49,941 DEBUG client.py Сформировано presence сообщение для пользователя Guest
2023-07-07 11:07:49,970 DEBUG client.py Была вызвана функция create_presence с параметрами (), {} Вызов из модуля __main__. Вызов из функции main.
2023-07-07 11:07:49,971 DEBUG client.py Рзабор сообщения от сервера: {'response': 200}
2023-07-07 11:07:49,972 DEBUG client.py Была вызвана функция process_ans с параметрами ({'response': 200},), {} Вызов из модуля __main__. Вызов из функции main.
2023-07-07 11:07:49,972 INFO client.py Получен ответ от сервера 200 : OK
2023-07-07 11:09:02,434 DEBUG client.py Сформировано presence сообщение для пользователя Guest
2023-07-07 11:09:02,477 DEBUG client.py Была вызвана функция create_presence с параметрами (), {} Вызов из модуля __main__. Вызов из функции main.
2023-07-07 11:09:02,513 DEBUG client.py Рзабор сообщения от сервера: {'response': 200}
2023-07-07 11:09:02,515 DEBUG client.py Была вызвана функция process_ans с параметрами ({'response': 200},), {} Вызов из модуля __main__. Вызов из функции main.
2023-07-07 11:09:02,515 INFO client.py Получен ответ от сервера 200 : OK
2023-07-07 11:10:24,157 DEBUG client.py Сформировано presence сообщение для пользователя Guest
2023-07-07 11:10:24,198 DEBUG client.py Была вызвана функция create_presence с параметрами (), {} Вызов из модуля __main__. Вызов из функции main.
2023-07-07 11:10:24,199 DEBUG client.py Рзабор сообщения от сервера: {'response': 200}
2023-07-07 11:10:24,201 DEBUG client.py Была вызвана функция process_ans с параметрами ({'response': 200},), {} Вызов из модуля __main__. Вызов из функции main.
2023-07-07 11:10:24,201 INFO client.py Получен ответ от сервера 200 : OK
2023-07-07 11:11:13,713 DEBUG client.py Сформировано presence сообщение для пользователя Guest
2023-07-07 11:11:13,765 DEBUG client.py Была вызвана функция create_presence с параметрами (), {} Вызов из модуля __main__. Вызов из функции main.
2023-07-07 11:11:13,805 DEBUG client.py Рзабор сообщения от сервера: {'response': 200}
2023-07-07 11:11:13,806 DEBUG client.py Была вызвана функция process_ans с параметрами ({'response': 200},), {} Вызов из модуля __main__. Вызов из функции main.
2023-07-07 11:11:13,806 INFO client.py Получен ответ от сервера 200 : OK
2023-07-07 11:12:55,568 DEBUG client.py Сформировано presence сообщение для пользователя Guest
2023-07-07 11:12:55,613 DEBUG client.py Была вызвана функция create_presence с параметрами (), {} Вызов из модуля __main__. Вызов из функции main.
2023-07-07 11:12:55,614 DEBUG client.py Рзабор сообщения от сервера: {'response': 200}
2023-07-07 11:12:55,615 DEBUG client.py Была вызвана функция process_ans с параметрами ({'response': 200},), {} Вызов из модуля __main__. Вызов из функции main.
2023-07-07 11:12:55,615 INFO client.py Получен ответ от сервера 200 : OK
2023-07-07 11:14:34,680 DEBUG client.py Сформировано presence сообщение для пользователя Guest
2023-07-07 11:14:34,710 DEBUG client.py Была вызвана функция create_presence с параметрами (), {} Вызов из модуля __main__. Вызов из функции main.
2023-07-07 11:14:34,746 DEBUG client.py Рзабор сообщения от сервера: {'response': 200}
2023-07-07 11:14:34,747 DEBUG client.py Была вызвана функция process_ans с параметрами ({'response': 200},), {} Вызов из модуля __main__. Вызов из функции main.
2023-07-07 11:14:34,747 INFO client.py Получен ответ от сервера 200 : OK
